2026-04-08 21:54:07,535 [INFO] ⚙️ Otrzymano nową konfigurację: TDM
2026-04-08 21:54:07,536 [INFO] 🔴 RED: ['Hubert', 'Wiktor', 'Michal']
2026-04-08 21:54:07,536 [INFO] 🔵 BLUE: ['Maciek', 'KJU']
2026-04-08 21:54:07,543 [INFO] 💾 Konfiguracja zapisana w bazie game_history.db
2026-04-08 21:55:12,355 [WARNING] 💥 TRAFIENIE: Urządzenie Wiktor zostało wyeliminowane!
2026-04-08 21:55:56,349 [INFO] ⚙️ Otrzymano nową konfigurację: TDM
2026-04-08 21:55:56,350 [INFO] 🔴 RED: ['Hubert', 'Wiktor', 'Michal']
2026-04-08 21:55:56,350 [INFO] 🔵 BLUE: ['Maciek', 'KJU']
2026-04-08 21:55:56,355 [INFO] 💾 Konfiguracja zapisana w bazie game_history.db
2026-04-08 22:04:45,256 [INFO] ⚙️ Otrzymano nową konfigurację: TDM
2026-04-08 22:04:45,256 [INFO] 🔴 RED: ['Hubert', 'Wiktor', 'Michal']
2026-04-08 22:04:45,257 [INFO] 🔵 BLUE: ['Maciek', 'KJU']
2026-04-08 22:04:45,264 [INFO] 💾 Konfiguracja zapisana w bazie game_history.db
2026-04-08 22:06:08,325 [INFO] ⚙️ Otrzymano nową konfigurację: TDM
2026-04-08 22:06:08,325 [INFO] 🔴 RED: ['Hubert', 'Wiktor', 'Michal']
2026-04-08 22:06:08,325 [INFO] 🔵 BLUE: ['Maciek', 'KJU']
2026-04-08 22:06:08,330 [INFO] 💾 Konfiguracja zapisana w bazie game_history.db
2026-04-08 22:06:17,026 [INFO] 💀 TRAFIENIE: Wiktor wyeliminowany.
2026-04-08 22:06:45,867 [INFO] ⚙️ Otrzymano nową konfigurację: TDM
2026-04-08 22:06:45,867 [INFO] 🔴 RED: ['Hubert', 'Wiktor', 'Michal']
2026-04-08 22:06:45,868 [INFO] 🔵 BLUE: ['Maciek', 'KJU']
2026-04-08 22:06:45,875 [INFO] 💾 Konfiguracja zapisana w bazie game_history.db
2026-04-08 22:07:03,239 [INFO] 💀 TRAFIENIE: Arek wyeliminowany.
